  prog.cpp
C:\Game Development\C++\box2dProj\box2d\PhysicsInBox2D\box2d\Constants.h(14,24): warning C4305: 'initializing': truncation from 'double' to 'float'
  (compiling source file 'prog.cpp')
  
C:\Game Development\C++\box2dProj\box2d\PhysicsInBox2D\box2d\prog.cpp(71,26): warning C4244: 'initializing': conversion from 'int' to 'float', possible loss of data
C:\Game Development\C++\box2dProj\box2d\PhysicsInBox2D\box2d\prog.cpp(72,26): warning C4244: 'initializing': conversion from 'int' to 'float', possible loss of data
sfml-graphics-s-d.lib(Glsl.obj) : warning LNK4099: PDB '' was not found with 'sfml-graphics-s-d.lib(Glsl.obj)' or at ''; linking object as if no debug info
sfml-graphics-s-d.lib(Image.obj) : warning LNK4099: PDB '' was not found with 'sfml-graphics-s-d.lib(Image.obj)' or at ''; linking object as if no debug info
sfml-graphics-s-d.lib(ImageLoader.obj) : warning LNK4099: PDB '' was not found with 'sfml-graphics-s-d.lib(ImageLoader.obj)' or at ''; linking object as if no debug info
sfml-graphics-s-d.lib(Shader.obj) : warning LNK4099: PDB '' was not found with 'sfml-graphics-s-d.lib(Shader.obj)' or at ''; linking object as if no debug info
sfml-graphics-s-d.lib(Texture.obj) : warning LNK4099: PDB '' was not found with 'sfml-graphics-s-d.lib(Texture.obj)' or at ''; linking object as if no debug info
sfml-graphics-s-d.lib(Transform.obj) : warning LNK4099: PDB '' was not found with 'sfml-graphics-s-d.lib(Transform.obj)' or at ''; linking object as if no debug info
sfml-graphics-s-d.lib(Shape.obj) : warning LNK4099: PDB '' was not found with 'sfml-graphics-s-d.lib(Shape.obj)' or at ''; linking object as if no debug info
sfml-graphics-s-d.lib(VertexArray.obj) : warning LNK4099: PDB '' was not found with 'sfml-graphics-s-d.lib(VertexArray.obj)' or at ''; linking object as if no debug info
sfml-window-s-d.lib(GlContext.obj) : warning LNK4099: PDB '' was not found with 'sfml-window-s-d.lib(GlContext.obj)' or at ''; linking object as if no debug info
sfml-window-s-d.lib(JoystickManager.obj) : warning LNK4099: PDB '' was not found with 'sfml-window-s-d.lib(JoystickManager.obj)' or at ''; linking object as if no debug info
sfml-window-s-d.lib(VideoMode.obj) : warning LNK4099: PDB '' was not found with 'sfml-window-s-d.lib(VideoMode.obj)' or at ''; linking object as if no debug info
sfml-window-s-d.lib(WindowImpl.obj) : warning LNK4099: PDB '' was not found with 'sfml-window-s-d.lib(WindowImpl.obj)' or at ''; linking object as if no debug info
sfml-window-s-d.lib(JoystickImpl.obj) : warning LNK4099: PDB '' was not found with 'sfml-window-s-d.lib(JoystickImpl.obj)' or at ''; linking object as if no debug info
sfml-window-s-d.lib(VideoModeImpl.obj) : warning LNK4099: PDB '' was not found with 'sfml-window-s-d.lib(VideoModeImpl.obj)' or at ''; linking object as if no debug info
sfml-window-s-d.lib(VulkanImplWin32.obj) : warning LNK4099: PDB '' was not found with 'sfml-window-s-d.lib(VulkanImplWin32.obj)' or at ''; linking object as if no debug info
sfml-window-s-d.lib(WindowImplWin32.obj) : warning LNK4099: PDB '' was not found with 'sfml-window-s-d.lib(WindowImplWin32.obj)' or at ''; linking object as if no debug info
sfml-window-s-d.lib(WglContext.obj) : warning LNK4099: PDB '' was not found with 'sfml-window-s-d.lib(WglContext.obj)' or at ''; linking object as if no debug info
sfml-system-s-d.lib(String.obj) : warning LNK4099: PDB '' was not found with 'sfml-system-s-d.lib(String.obj)' or at ''; linking object as if no debug info
sfml-system-s-d.lib(Time.obj) : warning LNK4099: PDB '' was not found with 'sfml-system-s-d.lib(Time.obj)' or at ''; linking object as if no debug info
box2d.lib(b2_circle_shape.obj) : warning LNK4099: PDB '' was not found with 'box2d.lib(b2_circle_shape.obj)' or at ''; linking object as if no debug info
box2d.lib(b2_collide_circle.obj) : warning LNK4099: PDB '' was not found with 'box2d.lib(b2_collide_circle.obj)' or at ''; linking object as if no debug info
box2d.lib(b2_collide_edge.obj) : warning LNK4099: PDB '' was not found with 'box2d.lib(b2_collide_edge.obj)' or at ''; linking object as if no debug info
box2d.lib(b2_collide_polygon.obj) : warning LNK4099: PDB '' was not found with 'box2d.lib(b2_collide_polygon.obj)' or at ''; linking object as if no debug info
box2d.lib(b2_collision.obj) : warning LNK4099: PDB '' was not found with 'box2d.lib(b2_collision.obj)' or at ''; linking object as if no debug info
box2d.lib(b2_distance.obj) : warning LNK4099: PDB '' was not found with 'box2d.lib(b2_distance.obj)' or at ''; linking object as if no debug info
box2d.lib(b2_dynamic_tree.obj) : warning LNK4099: PDB '' was not found with 'box2d.lib(b2_dynamic_tree.obj)' or at ''; linking object as if no debug info
box2d.lib(b2_edge_shape.obj) : warning LNK4099: PDB '' was not found with 'box2d.lib(b2_edge_shape.obj)' or at ''; linking object as if no debug info
box2d.lib(b2_time_of_impact.obj) : warning LNK4099: PDB '' was not found with 'box2d.lib(b2_time_of_impact.obj)' or at ''; linking object as if no debug info
box2d.lib(b2_math.obj) : warning LNK4099: PDB '' was not found with 'box2d.lib(b2_math.obj)' or at ''; linking object as if no debug info
box2d.lib(b2_body.obj) : warning LNK4099: PDB '' was not found with 'box2d.lib(b2_body.obj)' or at ''; linking object as if no debug info
box2d.lib(b2_contact_manager.obj) : warning LNK4099: PDB '' was not found with 'box2d.lib(b2_contact_manager.obj)' or at ''; linking object as if no debug info
box2d.lib(b2_contact_solver.obj) : warning LNK4099: PDB '' was not found with 'box2d.lib(b2_contact_solver.obj)' or at ''; linking object as if no debug info
box2d.lib(b2_distance_joint.obj) : warning LNK4099: PDB '' was not found with 'box2d.lib(b2_distance_joint.obj)' or at ''; linking object as if no debug info
box2d.lib(b2_friction_joint.obj) : warning LNK4099: PDB '' was not found with 'box2d.lib(b2_friction_joint.obj)' or at ''; linking object as if no debug info
box2d.lib(b2_gear_joint.obj) : warning LNK4099: PDB '' was not found with 'box2d.lib(b2_gear_joint.obj)' or at ''; linking object as if no debug info
box2d.lib(b2_island.obj) : warning LNK4099: PDB '' was not found with 'box2d.lib(b2_island.obj)' or at ''; linking object as if no debug info
box2d.lib(b2_joint.obj) : warning LNK4099: PDB '' was not found with 'box2d.lib(b2_joint.obj)' or at ''; linking object as if no debug info
box2d.lib(b2_motor_joint.obj) : warning LNK4099: PDB '' was not found with 'box2d.lib(b2_motor_joint.obj)' or at ''; linking object as if no debug info
box2d.lib(b2_mouse_joint.obj) : warning LNK4099: PDB '' was not found with 'box2d.lib(b2_mouse_joint.obj)' or at ''; linking object as if no debug info
box2d.lib(b2_prismatic_joint.obj) : warning LNK4099: PDB '' was not found with 'box2d.lib(b2_prismatic_joint.obj)' or at ''; linking object as if no debug info
box2d.lib(b2_pulley_joint.obj) : warning LNK4099: PDB '' was not found with 'box2d.lib(b2_pulley_joint.obj)' or at ''; linking object as if no debug info
box2d.lib(b2_revolute_joint.obj) : warning LNK4099: PDB '' was not found with 'box2d.lib(b2_revolute_joint.obj)' or at ''; linking object as if no debug info
box2d.lib(b2_weld_joint.obj) : warning LNK4099: PDB '' was not found with 'box2d.lib(b2_weld_joint.obj)' or at ''; linking object as if no debug info
box2d.lib(b2_wheel_joint.obj) : warning LNK4099: PDB '' was not found with 'box2d.lib(b2_wheel_joint.obj)' or at ''; linking object as if no debug info
box2d.lib(b2_world.obj) : warning LNK4099: PDB '' was not found with 'box2d.lib(b2_world.obj)' or at ''; linking object as if no debug info
C:\Program Files\Microsoft Visual Studio\2022\Community\MSBuild\Microsoft\VC\v170\Microsoft.CppCommon.targets(1151,5): error MSB6003: The specified task executable "link.exe" could not be run. System.IO.IOException: The process cannot access the file 'Debug\box2d.tlog\link.read.2.tlog' because it is being used by another process.
C:\Program Files\Microsoft Visual Studio\2022\Community\MSBuild\Microsoft\VC\v170\Microsoft.CppCommon.targets(1151,5): error MSB6003:    at System.IO.__Error.WinIOError(Int32 errorCode, String maybeFullPath)
C:\Program Files\Microsoft Visual Studio\2022\Community\MSBuild\Microsoft\VC\v170\Microsoft.CppCommon.targets(1151,5): error MSB6003:    at System.IO.FileInfo.Delete()
C:\Program Files\Microsoft Visual Studio\2022\Community\MSBuild\Microsoft\VC\v170\Microsoft.CppCommon.targets(1151,5): error MSB6003:    at Microsoft.Build.CPPTasks.TrackedVCToolTask.DeleteEmptyFile(ITaskItem[] filesToDelete)
C:\Program Files\Microsoft Visual Studio\2022\Community\MSBuild\Microsoft\VC\v170\Microsoft.CppCommon.targets(1151,5): error MSB6003:    at Microsoft.Build.CPPTasks.TrackedVCToolTask.PostExecuteTool(Int32 exitCode)
C:\Program Files\Microsoft Visual Studio\2022\Community\MSBuild\Microsoft\VC\v170\Microsoft.CppCommon.targets(1151,5): error MSB6003:    at Microsoft.Build.CPPTasks.TrackedVCToolTask.ExecuteTool(String pathToTool, String responseFileCommands, String commandLineCommands)
C:\Program Files\Microsoft Visual Studio\2022\Community\MSBuild\Microsoft\VC\v170\Microsoft.CppCommon.targets(1151,5): error MSB6003:    at Microsoft.Build.Utilities.ToolTask.Execute()
